生成启动时间为 2015/12/20 0:15:03。
     1>项目“F:\VS2015\PicDeal\PicDeal\PicDeal.vcxproj”在节点 2 上(Build 个目标)。
     1>ClCompile:
         D:\Program Files\Visual Studio2015\VC\bin\CL.exe /c /ZI /nologo /W3 /WX- /Od /Oy- /D WIN32 /D _WINDOWS /D _DEBUG /D _USING_V110_SDK71_ /D _UNICODE /D UNICODE /Gm /EHsc /RTC1 /MTd /GS /fp:precise /Zc:wchar_t /Zc:forScope /Zc:inline /Yu"stdafx.h" /Fp"Debug\PicDeal.pch" /Fo"Debug\\" /Fd"Debug\vc140.pdb" /Gd /TP /analyze- /errorReport:prompt ContrastDlg.cpp PicDealDlg.cpp
         PicDealDlg.cpp
     1>f:\vs2015\picdeal\picdeal\resource.h(29): warning C4005: “IDC_SIZE”: 宏重定义
         c:\program files (x86)\microsoft sdks\windows\v7.1a\include\winuser.h(8832): note: 参见“IDC_SIZE”的前一个定义
     1>c:\program files (x86)\opencv\build\include\opencv2\core\mat.hpp(1965): warning C4819: 该文件包含不能在当前代码页(936)中表示的字符。请将该文件保存为 Unicode 格式以防止数据丢失
     1>c:\program files (x86)\opencv\build\include\opencv2\core\persistence.hpp : warning C4819: 该文件包含不能在当前代码页(936)中表示的字符。请将该文件保存为 Unicode 格式以防止数据丢失
     1>c:\program files (x86)\opencv\build\include\opencv2\core\utility.hpp : warning C4819: 该文件包含不能在当前代码页(936)中表示的字符。请将该文件保存为 Unicode 格式以防止数据丢失
     1>c:\program files (x86)\opencv\build\include\opencv2\core\utility.hpp : warning C4819: 该文件包含不能在当前代码页(936)中表示的字符。请将该文件保存为 Unicode 格式以防止数据丢失
     1>f:\vs2015\picdeal\picdeal\freeimage.h : warning C4819: 该文件包含不能在当前代码页(936)中表示的字符。请将该文件保存为 Unicode 格式以防止数据丢失
     1>f:\vs2015\picdeal\picdeal\picdealdlg.cpp(238): warning C4244: “=”: 从“wchar_t”转换到“char”，可能丢失数据
     1>f:\vs2015\picdeal\picdeal\picdealdlg.cpp(323): warning C4244: “=”: 从“wchar_t”转换到“char”，可能丢失数据
     1>f:\vs2015\picdeal\picdeal\picdealdlg.cpp(491): warning C4244: “=”: 从“double”转换到“int”，可能丢失数据
     1>f:\vs2015\picdeal\picdeal\picdealdlg.cpp(492): warning C4244: “=”: 从“double”转换到“int”，可能丢失数据
     1>f:\vs2015\picdeal\picdeal\picdealdlg.cpp(764): warning C4800: “BOOL”: 将值强制为布尔值“true”或“false”(性能警告)
         ContrastDlg.cpp
     1>f:\vs2015\picdeal\picdeal\resource.h(29): warning C4005: “IDC_SIZE”: 宏重定义
         c:\program files (x86)\microsoft sdks\windows\v7.1a\include\winuser.h(8832): note: 参见“IDC_SIZE”的前一个定义
     1>f:\vs2015\picdeal\picdeal\contrastdlg.cpp(58): warning C4244: “参数”: 从“double”转换到“int”，可能丢失数据
     1>f:\vs2015\picdeal\picdeal\contrastdlg.cpp(60): warning C4244: “参数”: 从“double”转换到“int”，可能丢失数据
         正在生成代码...
       Link:
         D:\Program Files\Visual Studio2015\VC\bin\link.exe /ERRORREPORT:PROMPT /OUT:"F:\VS2015\PicDeal\Debug\PicDeal.exe" /INCREMENTAL /NOLOGO opencv_ts300d.lib opencv_world300d.lib IlmImfd.lib libjasperd.lib libjpegd.lib libpngd.lib libtiffd.lib libwebpd.lib opencv_calib3d300d.lib opencv_core300d.lib opencv_features2d300d.lib opencv_flann300d.lib opencv_highgui300d.lib opencv_imgcodecs300d.lib opencv_imgproc300d.lib opencv_ml300d.lib opencv_objdetect300d.lib opencv_photo300d.lib opencv_shape300d.lib opencv_stitching300d.lib opencv_superres300d.lib opencv_ts300d.lib opencv_video300d.lib opencv_videoio300d.lib opencv_videostab300d.lib zlibd.lib /MANIFEST /MANIFESTUAC:"level='asInvoker' uiAccess='false'" /manifest:embed /manifestinput:"D:\Program Files\Visual Studio2015\VC\Include\Manifest\dpiaware.manifest" /Debug /PDB:"F:\VS2015\PicDeal\Debug\PicDeal.pdb" /SUBSYSTEM:WINDOWS,"5.01" /TLBID:1 /ENTRY:"wWinMainCRTStartup" /DYNAMICBASE /NXCOMPAT /IMPLIB:"F:\VS2015\PicDeal\Debug\PicDeal.lib" /MACHINE:X86 Debug\PicDeal.res
         Debug\CannyDlg.obj
         Debug\CannyShowDlg.obj
         Debug\ColenhDlg.obj
         Debug\ContrastDlg.obj
         Debug\FFTDlg.obj
         Debug\FileDialogSkin.obj
         Debug\FilterDlg.obj
         Debug\HisDlg.obj
         Debug\PicDeal.obj
         Debug\PicDealDlg.obj
         Debug\SmoothDlg.obj
         Debug\stdafx.obj
         PicDeal.vcxproj -> F:\VS2015\PicDeal\Debug\PicDeal.exe
     1>已完成生成项目“F:\VS2015\PicDeal\PicDeal\PicDeal.vcxproj”(Build 个目标)的操作。

已成功生成。

已用时间 00:00:01.80
