f:\vs2015\picdeal\picdeal\release\vc140.pdb
f:\vs2015\picdeal\picdeal\release\smoothdlg.obj
f:\vs2015\picdeal\picdeal\release\picdealdlg.obj
f:\vs2015\picdeal\picdeal\release\picdeal.obj
f:\vs2015\picdeal\picdeal\release\hisdlg.obj
f:\vs2015\picdeal\picdeal\release\filterdlg.obj
f:\vs2015\picdeal\picdeal\release\fftdlg.obj
f:\vs2015\picdeal\picdeal\release\contrastdlg.obj
f:\vs2015\picdeal\picdeal\release\colenhdlg.obj
f:\vs2015\picdeal\picdeal\release\picdeal.pch
f:\vs2015\picdeal\picdeal\release\stdafx.obj
f:\vs2015\picdeal\picdeal\release\filedialogskin.obj
f:\vs2015\picdeal\release\picdeal.exe
f:\vs2015\picdeal\release\picdeal.ipdb
f:\vs2015\picdeal\release\picdeal.iobj
f:\vs2015\picdeal\release\picdeal.pdb
f:\vs2015\picdeal\picdeal\release\picdeal.res
f:\vs2015\picdeal\picdeal\release\picdeal.tlog\cl.command.1.tlog
f:\vs2015\picdeal\picdeal\release\picdeal.tlog\cl.read.1.tlog
f:\vs2015\picdeal\picdeal\release\picdeal.tlog\cl.write.1.tlog
f:\vs2015\picdeal\picdeal\release\picdeal.tlog\link.command.1.tlog
f:\vs2015\picdeal\picdeal\release\picdeal.tlog\link.read.1.tlog
f:\vs2015\picdeal\picdeal\release\picdeal.tlog\link.write.1.tlog
f:\vs2015\picdeal\picdeal\release\picdeal.tlog\rc.command.1.tlog
f:\vs2015\picdeal\picdeal\release\picdeal.tlog\rc.read.1.tlog
f:\vs2015\picdeal\picdeal\release\picdeal.tlog\rc.write.1.tlog
